<?xml version="1.0" encoding="UTF-8"?>
<!-- Generated by org.testng.reporters.JUnitReportReporter -->
<testsuite skipped="0" hostname="CLPSTPDFC472" name="script.T1_LoginFunctionality" tests="1" failures="0" timestamp="15 Jul 2019 10:49:21 GMT" time="12.901" errors="0">
  <testcase name="TestCase_1_ValidLogin" time="12.901" classname="script.T1_LoginFunctionality"/>
</testsuite> <!-- script.T1_LoginFunctionality -->
