<?xml version="1.0" encoding="UTF-8"?>
<!-- Generated by org.testng.reporters.JUnitReportReporter -->
<testsuite skipped="0" hostname="CLPSTPDFC472" name="script.SmokeTestCases_1" tests="2" failures="0" timestamp="18 Mar 2019 06:12:00 GMT" time="31.363" errors="0">
  <testcase name="TestCase_1_LoginPage_VerifyElementPresence" time="9.868" classname="script.SmokeTestCases_1"/>
  <testcase name="TestCase_2_ValidLogin" time="21.495" classname="script.SmokeTestCases_1"/>
</testsuite> <!-- script.SmokeTestCases_1 -->
