<?xml version="1.0" encoding="UTF-8"?>
<!-- Generated by org.testng.reporters.JUnitReportReporter -->
<testsuite skipped="0" hostname="CLPSTPDFC472" name="script.T2_FunctionalTestCases" tests="1" failures="0" timestamp="17 Jul 2019 13:24:48 GMT" time="43.442" errors="0">
  <testcase name="TestCase_1_ValidHomepage" time="43.442" classname="script.T2_FunctionalTestCases"/>
</testsuite> <!-- script.T2_FunctionalTestCases -->
