<?xml version="1.0" encoding="UTF-8"?>
<!-- Generated by org.testng.reporters.JUnitReportReporter -->
<testsuite skipped="0" hostname="CLPSTPDFC472" name="script.T1_LoginFunctionality" tests="4" failures="0" timestamp="11 Jun 2019 04:21:20 GMT" time="42.147" errors="0">
  <testcase name="TestCase_1_ValidLogin" time="13.932" classname="script.T1_LoginFunctionality"/>
  <testcase name="TestCase_2_InvalidLogin" time="8.115" classname="script.T1_LoginFunctionality"/>
  <testcase name="TestCase_3_InvalidBlankLogin" time="8.002" classname="script.T1_LoginFunctionality"/>
  <testcase name="TestCase_4_ForgotLinkVerify" time="12.098" classname="script.T1_LoginFunctionality"/>
</testsuite> <!-- script.T1_LoginFunctionality -->
