<?xml version="1.0" encoding="UTF-8"?>
<!-- Generated by org.testng.reporters.JUnitReportReporter -->
<testsuite skipped="0" hostname="CLPSTPDFC472" name="script.Scenarios" tests="3" failures="0" timestamp="22 Mar 2019 11:27:03 GMT" time="31.435" errors="0">
  <testcase name="TestCase_1_ValidLogin" time="9.017" classname="script.Scenarios"/>
  <testcase name="TestCase_2_InvalidLogin" time="8.416" classname="script.Scenarios"/>
  <testcase name="TestCase_3_ForgotLinkVerify" time="14.002" classname="script.Scenarios"/>
</testsuite> <!-- script.Scenarios -->
