<?xml version="1.0" encoding="UTF-8"?>
<!-- Generated by org.testng.reporters.JUnitReportReporter -->
<testsuite skipped="0" hostname="CLPSTPDFC472" name="script.T2_HomePageFunctionality" tests="1" failures="0" timestamp="15 Jul 2019 06:43:21 GMT" time="24.749" errors="0">
  <testcase name="TestCase_1_ValidLogin" time="24.749" classname="script.T2_HomePageFunctionality"/>
</testsuite> <!-- script.T2_HomePageFunctionality -->
