<?xml version="1.0" encoding="UTF-8"?>
<!-- Generated by org.testng.reporters.JUnitReportReporter -->
<testsuite skipped="0" hostname="CLPSTPDFC472" name="script.T1_LoginFunctionality" tests="3" failures="0" timestamp="17 Jul 2019 09:40:10 GMT" time="69.006" errors="0">
  <testcase name="TestCase_1_ValidLogin" time="23.255" classname="script.T1_LoginFunctionality"/>
  <testcase name="TestCase_2_InvalidLogin" time="27.318" classname="script.T1_LoginFunctionality"/>
  <testcase name="TestCase_3_InvalidBlankLogin" time="18.433" classname="script.T1_LoginFunctionality"/>
</testsuite> <!-- script.T1_LoginFunctionality -->
