<?xml version="1.0" encoding="UTF-8"?>
<!-- Generated by org.testng.reporters.JUnitReportReporter -->
<testsuite skipped="0" hostname="CLPSTPDFC472" name="script.T2_HomePageFunctionality" tests="1" failures="0" timestamp="11 Jun 2019 05:35:38 GMT" time="22.390" errors="0">
  <testcase name="TestCase_1_ValidLogin" time="22.390" classname="script.T2_HomePageFunctionality"/>
</testsuite> <!-- script.T2_HomePageFunctionality -->
