<?xml version="1.0" encoding="UTF-8"?>
<!-- Generated by org.testng.reporters.JUnitReportReporter -->
<testsuite skipped="0" hostname="CLPSTPDFC472" name="script.T1_LoginFunctionality" tests="1" failures="0" timestamp="16 Jul 2019 09:07:19 GMT" time="18.860" errors="0">
  <testcase name="TestCase_4_ForgotLinkVerify" time="18.860" classname="script.T1_LoginFunctionality"/>
</testsuite> <!-- script.T1_LoginFunctionality -->
