<?xml version="1.0" encoding="UTF-8"?>
<!-- Generated by org.testng.reporters.JUnitReportReporter -->
<testsuite skipped="0" hostname="CLPSTPDFC472" name="script.T1_LoginFunctionality" tests="4" failures="0" timestamp="11 Jun 2019 05:35:38 GMT" time="42.742" errors="0">
  <testcase name="TestCase_1_ValidLogin" time="13.043" classname="script.T1_LoginFunctionality"/>
  <testcase name="TestCase_2_InvalidLogin" time="9.386" classname="script.T1_LoginFunctionality"/>
  <testcase name="TestCase_3_InvalidBlankLogin" time="7.979" classname="script.T1_LoginFunctionality"/>
  <testcase name="TestCase_4_ForgotLinkVerify" time="12.334" classname="script.T1_LoginFunctionality"/>
</testsuite> <!-- script.T1_LoginFunctionality -->
