<?xml version="1.0" encoding="UTF-8"?>
<!-- Generated by org.testng.reporters.JUnitReportReporter -->
<testsuite skipped="0" hostname="CLPSTPDFC472" name="script.T2_HomePageFunctionality" tests="1" failures="0" timestamp="16 Jul 2019 09:42:12 GMT" time="14.191" errors="0">
  <testcase name="TestCase_1_ValidHomepage" time="14.191" classname="script.T2_HomePageFunctionality"/>
</testsuite> <!-- script.T2_HomePageFunctionality -->
