<?xml version="1.0" encoding="UTF-8"?>
<!-- Generated by org.testng.reporters.JUnitReportReporter -->
<testsuite skipped="0" hostname="CLPSTPDFC472" name="script.T2_FunctionalTestCases" tests="1" failures="0" timestamp="17 Jul 2019 10:13:45 GMT" time="17.066" errors="0">
  <testcase name="TestCase_1_ValidHomepage" time="17.066" classname="script.T2_FunctionalTestCases"/>
</testsuite> <!-- script.T2_FunctionalTestCases -->
